<?xml version="1.0" encoding="UTF-8"?>
<!-- Generated by org.testng.reporters.JUnitReportReporter -->
<testsuite skipped="0" hostname="V_Varsha2023" name="org.facebook.FaceBook" tests="2" failures="0" timestamp="28 Jun 2024 08:57:01 GMT" time="11.634" errors="0">
  <testcase name="tsetLogin" time="3.255" classname="org.facebook.FaceBook"/>
  <testcase name="CreatenewAccount" time="8.379" classname="org.facebook.FaceBook"/>
</testsuite> <!-- org.facebook.FaceBook -->
