<?xml version="1.0" encoding="UTF-8"?>
<!-- Generated by org.testng.reporters.JUnitReportReporter -->
<testsuite skipped="0" hostname="V_Varsha2023" name="org.parllel.FaceBook2" tests="4" failures="0" timestamp="29 Jun 2024 03:47:58 GMT" time="20.836" errors="0">
  <testcase name="tsetLogin" time="2.973" classname="org.parllel.FaceBook2"/>
  <testcase name="tsetLogin" time="1.355" classname="org.parllel.FaceBook2"/>
  <testcase name="CreatenewAccount" time="8.906" classname="org.parllel.FaceBook2"/>
  <testcase name="CreatenewAccount" time="7.602" classname="org.parllel.FaceBook2"/>
</testsuite> <!-- org.parllel.FaceBook2 -->
