<?xml version="1.0" encoding="UTF-8"?>
<!-- Generated by org.testng.reporters.JUnitReportReporter -->
<testsuite skipped="0" hostname="V_Varsha2023" name="org.facebook.FlipKart" tests="1" failures="0" timestamp="27 Jun 2024 10:49:58 GMT" time="79.721" errors="0">
  <testcase name="filpKart" time="79.721" classname="org.facebook.FlipKart"/>
</testsuite> <!-- org.facebook.FlipKart -->
