<?xml version="1.0" encoding="UTF-8"?>
<!-- Generated by org.testng.reporters.JUnitReportReporter -->
<testsuite skipped="0" hostname="V_Varsha2023" name="org.parllel.FaceBook3" tests="4" failures="0" timestamp="29 Jun 2024 03:47:58 GMT" time="20.300" errors="0">
  <testcase name="tsetLogin" time="2.646" classname="org.parllel.FaceBook3"/>
  <testcase name="tsetLogin" time="1.539" classname="org.parllel.FaceBook3"/>
  <testcase name="CreatenewAccount" time="8.798" classname="org.parllel.FaceBook3"/>
  <testcase name="CreatenewAccount" time="7.317" classname="org.parllel.FaceBook3"/>
</testsuite> <!-- org.parllel.FaceBook3 -->
