<?xml version="1.0" encoding="UTF-8"?>
<!-- Generated by org.testng.reporters.JUnitReportReporter -->
<testsuite skipped="0" hostname="V_Varsha2023" name="org.parllel.FaceBook" tests="4" failures="0" timestamp="29 Jun 2024 03:47:58 GMT" time="49.202" errors="0">
  <testcase name="tsetLogin" time="2.641" classname="org.parllel.FaceBook"/>
  <testcase name="tsetLogin" time="2.174" classname="org.parllel.FaceBook"/>
  <testcase name="CreatenewAccount" time="17.305" classname="org.parllel.FaceBook"/>
  <testcase name="CreatenewAccount" time="27.082" classname="org.parllel.FaceBook"/>
</testsuite> <!-- org.parllel.FaceBook -->
